Arguments: 
  /usr/local/bin/node /Users/code/.yarn/bin/yarn.js install

PATH: 
  /Users/code/.yarn/bin:/usr/local/bin:/usr/bin:/bin:/usr/sbin:/sbin:/usr/local/go/bin

Yarn version: 
  0.21.3

Node version: 
  6.9.5

Platform: 
  darwin x64

npm manifest: 
  {
    "private": true,
    "devDependencies": {
      "gulp": "^3.8.8"
    },
    "dependencies": {
      "laravel-elixir": "^4.0.0",
      "bootstrap-sass": "^3.0.0"
    }
  }

yarn manifest: 
  No manifest

Lockfile: 
  No lockfile

Trace: 
  Error: read ETIMEDOUT
      at exports._errnoException (util.js:1022:11)
      at TLSWrap.onread (net.js:569:26)
